f:\visual-studio-liushiyin\仙人杀\collisionserver\debug\collisionserver.pch
f:\visual-studio-liushiyin\仙人杀\collisionserver\debug\vc141.pdb
f:\visual-studio-liushiyin\仙人杀\collisionserver\debug\vc141.idb
f:\visual-studio-liushiyin\仙人杀\collisionserver\debug\stdafx.obj
f:\visual-studio-liushiyin\仙人杀\collisionserver\debug\cgameserver.obj
f:\visual-studio-liushiyin\仙人杀\collisionserver\debug\cmytimer.obj
f:\visual-studio-liushiyin\仙人杀\collisionserver\debug\collisionserver.obj
f:\collisionball\collisionserver\debug\collisionserver.pch
f:\collisionball\collisionserver\debug\vc141.pdb
f:\collisionball\collisionserver\debug\vc141.idb
f:\collisionball\collisionserver\debug\stdafx.obj
f:\collisionball\collisionserver\debug\cgameserver.obj
f:\collisionball\collisionserver\debug\cmytimer.obj
f:\collisionball\collisionserver\debug\collisionserver.obj
f:\visual-studio-liushiyin\仙人杀\debug\collisionserver.ilk
f:\visual-studio-liushiyin\仙人杀\debug\collisionserver.exe
f:\visual-studio-liushiyin\仙人杀\debug\collisionserver.pdb
f:\collisionball\debug\collisionserver.ilk
f:\collisionball\debug\collisionserver.exe
f:\collisionball\debug\collisionserver.pdb
f:\collisionball\collisionserver\debug\collisionserver.tlog\cl.command.1.tlog
f:\collisionball\collisionserver\debug\collisionserver.tlog\cl.read.1.tlog
f:\collisionball\collisionserver\debug\collisionserver.tlog\cl.write.1.tlog
f:\collisionball\collisionserver\debug\collisionserver.tlog\link.command.1.tlog
f:\collisionball\collisionserver\debug\collisionserver.tlog\link.read.1.tlog
f:\collisionball\collisionserver\debug\collisionserver.tlog\link.write.1.tlog
