f:\visual-studio-liushiyin\gamemapediter\uiengine\debug\uiengine.pch
f:\visual-studio-liushiyin\gamemapediter\uiengine\debug\uiengine.pdb
f:\visual-studio-liushiyin\gamemapediter\uiengine\debug\uiengine.idb
f:\visual-studio-liushiyin\gamemapediter\uiengine\debug\stdafx.obj
f:\visual-studio-liushiyin\gamemapediter\uiengine\debug\camination.obj
f:\visual-studio-liushiyin\gamemapediter\uiengine\debug\cbaseui.obj
f:\visual-studio-liushiyin\gamemapediter\uiengine\debug\cbutton.obj
f:\visual-studio-liushiyin\gamemapediter\uiengine\debug\ccircle.obj
f:\visual-studio-liushiyin\gamemapediter\uiengine\debug\cgameengine.obj
f:\visual-studio-liushiyin\gamemapediter\uiengine\debug\cline.obj
f:\visual-studio-liushiyin\gamemapediter\uiengine\debug\cmytimer.obj
f:\visual-studio-liushiyin\gamemapediter\uiengine\debug\cpicture.obj
f:\visual-studio-liushiyin\gamemapediter\uiengine\debug\cpolygon.obj
f:\visual-studio-liushiyin\gamemapediter\uiengine\debug\crectangle.obj
f:\visual-studio-liushiyin\gamemapediter\uiengine\debug\ctext.obj
f:\visual-studio-liushiyin\gamemapediter\uiengine\debug\ctriangle.obj
f:\visual-studio-liushiyin\gamemapediter\uiengine\debug\tool.obj
f:\visual-studio-liushiyin\仙人杀\uiengine\debug\uiengine.pch
f:\visual-studio-liushiyin\仙人杀\uiengine\debug\uiengine.pdb
f:\visual-studio-liushiyin\仙人杀\uiengine\debug\uiengine.idb
f:\visual-studio-liushiyin\仙人杀\uiengine\debug\stdafx.obj
f:\visual-studio-liushiyin\仙人杀\uiengine\debug\camination.obj
f:\visual-studio-liushiyin\仙人杀\uiengine\debug\cbaseui.obj
f:\visual-studio-liushiyin\仙人杀\uiengine\debug\cbutton.obj
f:\visual-studio-liushiyin\仙人杀\uiengine\debug\ccircle.obj
f:\visual-studio-liushiyin\仙人杀\uiengine\debug\cgameengine.obj
f:\visual-studio-liushiyin\仙人杀\uiengine\debug\cline.obj
f:\visual-studio-liushiyin\仙人杀\uiengine\debug\cmytimer.obj
f:\visual-studio-liushiyin\仙人杀\uiengine\debug\cpicture.obj
f:\visual-studio-liushiyin\仙人杀\uiengine\debug\cpolygon.obj
f:\visual-studio-liushiyin\仙人杀\uiengine\debug\crectangle.obj
f:\visual-studio-liushiyin\仙人杀\uiengine\debug\cresourcepool.obj
f:\visual-studio-liushiyin\仙人杀\uiengine\debug\ctext.obj
f:\visual-studio-liushiyin\仙人杀\uiengine\debug\ctriangle.obj
f:\visual-studio-liushiyin\仙人杀\uiengine\debug\lock.obj
f:\visual-studio-liushiyin\仙人杀\uiengine\debug\tool.obj
f:\visual-studio-liushiyin\仙人杀\uiengine\debug\csight.obj
f:\visual-studio-liushiyin\gamemapediter\uiengine\debug\cresourcepool.obj
f:\visual-studio-liushiyin\gamemapediter\uiengine\debug\csight.obj
f:\visual-studio-liushiyin\gamemapediter\uiengine\debug\lock.obj
f:\visual-studio-liushiyin\仙人杀\uiengine\debug\cobject.obj
f:\visual-studio-liushiyin\仙人杀\uiengine\debug\chousekeeper.obj
f:\visual-studio-liushiyin\仙人杀\uiengine\debug\cagency.obj
f:\collisionball\uiengine\debug\uiengine.pch
f:\collisionball\uiengine\debug\uiengine.pdb
f:\collisionball\uiengine\debug\uiengine.idb
f:\collisionball\uiengine\debug\stdafx.obj
f:\collisionball\uiengine\debug\camination.obj
f:\collisionball\uiengine\debug\cbaseui.obj
f:\collisionball\uiengine\debug\cbutton.obj
f:\collisionball\uiengine\debug\ccircle.obj
f:\collisionball\uiengine\debug\cline.obj
f:\collisionball\uiengine\debug\cmytimer.obj
f:\collisionball\uiengine\debug\cpicture.obj
f:\collisionball\uiengine\debug\cpolygon.obj
f:\collisionball\uiengine\debug\crectangle.obj
f:\collisionball\uiengine\debug\cresourcepool.obj
f:\collisionball\uiengine\debug\csight.obj
f:\collisionball\uiengine\debug\ctext.obj
f:\collisionball\uiengine\debug\ctriangle.obj
f:\collisionball\uiengine\debug\lock.obj
f:\collisionball\uiengine\debug\tool.obj
f:\collisionball\uiengine\debug\cgameengine.obj
f:\visual-studio-liushiyin\gamemapediter\debug\uiengine.lib
f:\visual-studio-liushiyin\仙人杀\debug\uiengine.lib
f:\collisionball\debug\uiengine.lib
f:\visual-studio-liushiyin\仙人杀\uiengine\debug\uiengine.res
f:\collisionball\uiengine\debug\cagency.obj
f:\collisionball\uiengine\debug\chousekeeper.obj
f:\collisionball\uiengine\debug\cobject.obj
f:\collisionball\uiengine\debug\uiengine.res
f:\collisionball\debug\uiengine.pdb
f:\collisionball\uiengine\debug\uiengine.tlog\cl.command.1.tlog
f:\collisionball\uiengine\debug\uiengine.tlog\cl.read.1.tlog
f:\collisionball\uiengine\debug\uiengine.tlog\cl.write.1.tlog
f:\collisionball\uiengine\debug\uiengine.tlog\lib-link-cvtres.read.1.tlog
f:\collisionball\uiengine\debug\uiengine.tlog\lib-link-cvtres.write.1.tlog
f:\collisionball\uiengine\debug\uiengine.tlog\lib.command.1.tlog
f:\collisionball\uiengine\debug\uiengine.tlog\rc.command.1.tlog
f:\collisionball\uiengine\debug\uiengine.tlog\rc.read.1.tlog
f:\collisionball\uiengine\debug\uiengine.tlog\rc.write.1.tlog
