f:\visual-studio-liushiyin\仙人杀\collisionball\release\vc141.pdb
f:\visual-studio-liushiyin\仙人杀\collisionball\release\cstartsight.obj
f:\visual-studio-liushiyin\仙人杀\collisionball\release\collisionball.obj
f:\visual-studio-liushiyin\仙人杀\collisionball\release\cgamelogic.obj
f:\visual-studio-liushiyin\仙人杀\collisionball\release\cgamesight.obj
f:\visual-studio-liushiyin\仙人杀\collisionball\release\collisionball.pch
f:\visual-studio-liushiyin\仙人杀\collisionball\release\stdafx.obj
f:\visual-studio-liushiyin\仙人杀\collisionball\release\cgameplayer.obj
f:\collisionball\collisionball\release\collisionball.pch
f:\collisionball\collisionball\release\vc141.pdb
f:\collisionball\collisionball\release\stdafx.obj
f:\collisionball\collisionball\release\theagency.obj
f:\collisionball\collisionball\release\collisionball.obj
f:\collisionball\collisionball\release\cfood.obj
f:\collisionball\collisionball\release\cbackhole.obj
f:\collisionball\collisionball\release\cstartsight.obj
f:\collisionball\collisionball\release\cgamesight.obj
f:\collisionball\collisionball\release\cgameplayer.obj
f:\visual-studio-liushiyin\仙人杀\release\collisionball.ipdb
f:\visual-studio-liushiyin\仙人杀\release\collisionball.iobj
f:\collisionball\release\collisionball.ipdb
f:\collisionball\release\collisionball.iobj
f:\visual-studio-liushiyin\仙人杀\release\collisionball.exe
f:\visual-studio-liushiyin\仙人杀\release\collisionball.pdb
f:\collisionball\release\collisionball.exe
f:\collisionball\release\collisionball.pdb
f:\visual-studio-liushiyin\仙人杀\collisionball\release\collisionball1.res
f:\visual-studio-liushiyin\仙人杀\collisionball\release\collisionball2.res
f:\visual-studio-liushiyin\仙人杀\collisionball\release\collisionball3.res
f:\visual-studio-liushiyin\仙人杀\collisionball\release\collisionball4.res
f:\visual-studio-liushiyin\仙人杀\collisionball\release\collisionball5.res
f:\visual-studio-liushiyin\仙人杀\collisionball\release\collisionball.res
f:\collisionball\collisionball\release\collisionball.res
f:\collisionball\collisionball\release\collisionball1.res
f:\collisionball\collisionball\release\cgamelogic.obj
f:\collisionball\collisionball\release\collisionball2.res
f:\collisionball\collisionball\release\collisionball3.res
f:\collisionball\collisionball\release\collisionball4.res
f:\collisionball\collisionball\release\collisionball5.res
f:\collisionball\collisionball\release\collisionball.tlog\cl.command.1.tlog
f:\collisionball\collisionball\release\collisionball.tlog\cl.read.1.tlog
f:\collisionball\collisionball\release\collisionball.tlog\cl.write.1.tlog
f:\collisionball\collisionball\release\collisionball.tlog\collisionball.write.1u.tlog
f:\collisionball\collisionball\release\collisionball.tlog\link.command.1.tlog
f:\collisionball\collisionball\release\collisionball.tlog\link.read.1.tlog
f:\collisionball\collisionball\release\collisionball.tlog\link.write.1.tlog
f:\collisionball\collisionball\release\collisionball.tlog\rc.command.1.tlog
f:\collisionball\collisionball\release\collisionball.tlog\rc.read.1.tlog
f:\collisionball\collisionball\release\collisionball.tlog\rc.write.1.tlog
