f:\visual-studio-liushiyin\仙人杀\collisionball\debug\collisionball.pch
f:\visual-studio-liushiyin\仙人杀\collisionball\debug\vc141.pdb
f:\visual-studio-liushiyin\仙人杀\collisionball\debug\vc141.idb
f:\visual-studio-liushiyin\仙人杀\collisionball\debug\stdafx.obj
f:\visual-studio-liushiyin\仙人杀\collisionball\debug\collisionball.obj
f:\visual-studio-liushiyin\仙人杀\collisionball\debug\cgamelogic.obj
f:\visual-studio-liushiyin\仙人杀\collisionball\debug\cstartsight.obj
f:\visual-studio-liushiyin\仙人杀\collisionball\debug\a.obj
f:\visual-studio-liushiyin\仙人杀\collisionball\debug\b.obj
f:\visual-studio-liushiyin\仙人杀\collisionball\debug\cgamesight.obj
f:\visual-studio-liushiyin\仙人杀\collisionball\debug\cgameplayer.obj
f:\visual-studio-liushiyin\仙人杀\collisionball\debug\cprestart.obj
f:\visual-studio-liushiyin\仙人杀\collisionball\debug\cminiplayer.obj
f:\visual-studio-liushiyin\仙人杀\collisionball\debug\cfood.obj
f:\visual-studio-liushiyin\仙人杀\collisionball\debug\theagency.obj
f:\visual-studio-liushiyin\仙人杀\collisionball\debug\cbackhole.obj
f:\collisionball\collisionball\debug\collisionball.pch
f:\collisionball\collisionball\debug\vc141.pdb
f:\collisionball\collisionball\debug\vc141.idb
f:\collisionball\collisionball\debug\stdafx.obj
f:\collisionball\collisionball\debug\cbackhole.obj
f:\collisionball\collisionball\debug\cfood.obj
f:\collisionball\collisionball\debug\cgameplayer.obj
f:\collisionball\collisionball\debug\cgamesight.obj
f:\collisionball\collisionball\debug\collisionball.obj
f:\collisionball\collisionball\debug\theagency.obj
f:\collisionball\collisionball\debug\cstartsight.obj
f:\visual-studio-liushiyin\仙人杀\debug\collisionball.ilk
f:\visual-studio-liushiyin\仙人杀\debug\collisionball.exe
f:\visual-studio-liushiyin\仙人杀\debug\collisionball.pdb
f:\collisionball\debug\collisionball.ilk
f:\collisionball\debug\collisionball.exe
f:\collisionball\debug\collisionball.pdb
f:\visual-studio-liushiyin\仙人杀\collisionball\debug\collisionball3.res
f:\visual-studio-liushiyin\仙人杀\collisionball\debug\collisionball4.res
f:\visual-studio-liushiyin\仙人杀\collisionball\debug\collisionball5.res
f:\visual-studio-liushiyin\仙人杀\collisionball\debug\collisionball.res
f:\visual-studio-liushiyin\仙人杀\collisionball\debug\collisionball1.res
f:\collisionball\collisionball\debug\collisionball.res
f:\collisionball\collisionball\debug\collisionball1.res
f:\collisionball\collisionball\debug\a.obj
f:\collisionball\collisionball\debug\b.obj
f:\collisionball\collisionball\debug\cgamelogic.obj
f:\collisionball\collisionball\debug\cminiplayer.obj
f:\collisionball\collisionball\debug\cprestart.obj
f:\collisionball\collisionball\debug\collisionball3.res
f:\collisionball\collisionball\debug\collisionball4.res
f:\collisionball\collisionball\debug\collisionball5.res
f:\collisionball\collisionball\debug\collisionball.tlog\cl.command.1.tlog
f:\collisionball\collisionball\debug\collisionball.tlog\cl.read.1.tlog
f:\collisionball\collisionball\debug\collisionball.tlog\cl.write.1.tlog
f:\collisionball\collisionball\debug\collisionball.tlog\link.command.1.tlog
f:\collisionball\collisionball\debug\collisionball.tlog\link.read.1.tlog
f:\collisionball\collisionball\debug\collisionball.tlog\link.write.1.tlog
f:\collisionball\collisionball\debug\collisionball.tlog\rc.command.1.tlog
f:\collisionball\collisionball\debug\collisionball.tlog\rc.read.1.tlog
f:\collisionball\collisionball\debug\collisionball.tlog\rc.write.1.tlog
