f:\visual-studio-liushiyin\仙人杀\netlib\debug\netlib.pch
f:\visual-studio-liushiyin\仙人杀\netlib\debug\netlib.pdb
f:\visual-studio-liushiyin\仙人杀\netlib\debug\netlib.idb
f:\visual-studio-liushiyin\仙人杀\netlib\debug\stdafx.obj
f:\visual-studio-liushiyin\仙人杀\netlib\debug\tcpserver.obj
f:\visual-studio-liushiyin\仙人杀\netlib\debug\tcpclient.obj
f:\visual-studio-liushiyin\仙人杀\netlib\debug\lock.obj
f:\visual-studio-liushiyin\仙人杀\netlib\debug\udpclient.obj
f:\visual-studio-liushiyin\仙人杀\netlib\debug\udpserver.obj
f:\collisionball\netlib\debug\netlib.pch
f:\collisionball\netlib\debug\netlib.pdb
f:\collisionball\netlib\debug\netlib.idb
f:\collisionball\netlib\debug\stdafx.obj
f:\collisionball\netlib\debug\lock.obj
f:\collisionball\netlib\debug\tcpclient.obj
f:\collisionball\netlib\debug\tcpserver.obj
f:\collisionball\netlib\debug\udpclient.obj
f:\collisionball\netlib\debug\udpserver.obj
f:\visual-studio-liushiyin\仙人杀\debug\netlib.lib
f:\collisionball\debug\netlib.lib
f:\collisionball\debug\netlib.pdb
f:\collisionball\netlib\debug\netlib.tlog\cl.command.1.tlog
f:\collisionball\netlib\debug\netlib.tlog\cl.read.1.tlog
f:\collisionball\netlib\debug\netlib.tlog\cl.write.1.tlog
f:\collisionball\netlib\debug\netlib.tlog\lib-link.read.1.tlog
f:\collisionball\netlib\debug\netlib.tlog\lib-link.write.1.tlog
f:\collisionball\netlib\debug\netlib.tlog\lib.command.1.tlog
