f:\visual-studio-liushiyin\gamemapediter\uiengine\release\uiengine.pch
f:\visual-studio-liushiyin\gamemapediter\uiengine\release\uiengine.pdb
f:\visual-studio-liushiyin\gamemapediter\uiengine\release\stdafx.obj
f:\visual-studio-liushiyin\gamemapediter\uiengine\release\tool.obj
f:\visual-studio-liushiyin\gamemapediter\uiengine\release\ctriangle.obj
f:\visual-studio-liushiyin\gamemapediter\uiengine\release\ctext.obj
f:\visual-studio-liushiyin\gamemapediter\uiengine\release\crectangle.obj
f:\visual-studio-liushiyin\gamemapediter\uiengine\release\cpolygon.obj
f:\visual-studio-liushiyin\gamemapediter\uiengine\release\cpicture.obj
f:\visual-studio-liushiyin\gamemapediter\uiengine\release\cmytimer.obj
f:\visual-studio-liushiyin\gamemapediter\uiengine\release\cline.obj
f:\visual-studio-liushiyin\gamemapediter\uiengine\release\cgameengine.obj
f:\visual-studio-liushiyin\gamemapediter\uiengine\release\ccircle.obj
f:\visual-studio-liushiyin\gamemapediter\uiengine\release\cbutton.obj
f:\visual-studio-liushiyin\gamemapediter\uiengine\release\cbaseui.obj
f:\visual-studio-liushiyin\gamemapediter\uiengine\release\camination.obj
f:\visual-studio-liushiyin\gamemapediter\release\uiengine.lib
f:\visual-studio-liushiyin\gamemapediter\uiengine\release\uiengine.tlog\cl.command.1.tlog
f:\visual-studio-liushiyin\gamemapediter\uiengine\release\uiengine.tlog\cl.read.1.tlog
f:\visual-studio-liushiyin\gamemapediter\uiengine\release\uiengine.tlog\cl.write.1.tlog
f:\visual-studio-liushiyin\gamemapediter\uiengine\release\uiengine.tlog\lib-link.read.1.tlog
f:\visual-studio-liushiyin\gamemapediter\uiengine\release\uiengine.tlog\lib-link.write.1.tlog
f:\visual-studio-liushiyin\gamemapediter\uiengine\release\uiengine.tlog\lib.command.1.tlog
